[numel.my.canva.site/index.html]
[backblue.gif]
[fade.gif]
[index.html]
[numel.my.canva.site/26387fa4f5b1e3f7b6217b27d79bf264.png]
[numel.my.canva.site/2d0b56e7e51cf11036ad8734bdb67e2d.png]
[numel.my.canva.site/725b756a69a7d4c235070e51acd85560.png]
[numel.my.canva.site/c2f81f0c5c903bf3e178991fa91220d4.png]
[numel.my.canva.site/fonts/1f0d107357cc0b23d2e2932b6f582037.woff2]
[numel.my.canva.site/fonts/da9c711c87414bd2ae51835ad2297fff.woff2]
[numel.my.canva.site/fonts/1bb930337abde1cbea922cdb9ad6869a.woff2]
[numel.my.canva.site/fonts/89642ce12360ca2681e6c09656029d1f.woff2]
[numel.my.canva.site/fonts/dc6e6ec178f4d3826f32983055399d3b.woff2]
[numel.my.canva.site/fonts/1ff106319dd2fe48c0c6cb434d012a3f.woff2]
[numel.my.canva.site/fonts/f716d79d45c81e6d5676bce98a44a3b7.woff2]
[numel.my.canva.site/fonts/9fd0ae600ab0aa3309bc16dbdb53999d.woff2]
[numel.my.canva.site/fonts/4fa2ee4267a2367f3f1bd29878e89cb7.woff2]
[numel.my.canva.site/fonts/8f7934b3d45567e9cf1f541e008969a9.woff2]
[numel.my.canva.site/fonts/9340013c7d177c83df1edab0cf96ac10.woff2]
[numel.my.canva.site/fonts/e005df7c7c34fefde116ba9b5a0e51e1.woff2]
[numel.my.canva.site/fonts/83b37f2dcbb18c810da7cfa915708210.woff2]
[numel.my.canva.site/fonts/59b6766f777af310db26554544cc976b.woff2]
[numel.my.canva.site/fonts/f8b242ed4acae5f2ac9a4a642917ae3a.woff2]
[numel.my.canva.site/fonts/4f4aaff9320bb841bf8955c9c4fbbc65.woff2]
[numel.my.canva.site/fonts/99ddc70a8ffa326837e6983f9aed0872.woff2]
[numel.my.canva.site/fonts/f8f199f09526f79e87644ed227e0f651.woff2]
[numel.my.canva.site/fonts/98c4d2c0223fc8474641c77f923528e9.woff2]
[numel.my.canva.site/fonts/d257a7100844bc3f98c9021168b6249e.woff2]
[numel.my.canva.site/fonts/1060345c54d396e76d73f1da7ee200bd.woff2]
[numel.my.canva.site/'data_image/png;base64,']
[numel.my.canva.site/images/1fd7ccfd18f987448c802b1bff8c8045.jpg]
[numel.my.canva.site/images/608e8cd6742c74c55561f5711c47d89b.svg]
[numel.my.canva.site/images/f7001c6045cc937d04fec49d59a4a853.png]
[numel.my.canva.site/images/1b7d9bc016768ef73730e6e92637c44a.svg]
[numel.my.canva.site/images/d9eb0636b652d699499e28639633ae6d.png]
[numel.my.canva.site/js/939898b427480d700449229ff00dbb8a6f9f77442b532f697866e6914ab8843a.js]
[numel.my.canva.site/js/6217f8751a46a7e5f89d85462b2b7c1118aff0af33959909d3a26d50904cb4a4.js]
[numel.my.canva.site/js/388fb330498371d4935abbff11d34d4c30842ca3c4a128cdd290d29db98acb41.js]
[numel.my.canva.site/index.html]
[numel.my.canva.site/'data_image/png;base64,'.html]
[numel.my.canva.site/images/608e8cd6742c74c55561f5711c47d89b.svg]
[numel.my.canva.site/_link/index54ac.html]
[numel.my.canva.site/_link/indexdc06.html]
[numel.my.canva.site/images/1b7d9bc016768ef73730e6e92637c44a.svg]
[numel.my.canva.site/js/781b7c2778641097cc201ef02652a4376abe12baf4b506965843770004e198e1.js]
[numel.my.canva.site/_link/index4560.html]
[numel.my.canva.site/_link/index4560.html]
[numel.my.canva.site/_link/indexc65c.html]
[numel.my.canva.site/_link/indexc65c.html]
